Using pre-set license
Built from '2020.3/release' branch; Version is '2020.3.2f1 (8fd9074bf66c) revision 9427207'; Using compiler version '192528614'; Build Type 'Release'
OS: 'Windows 10 Home Single Language; OS build 18363.1440; Version 1909; 64bit' Language: 'tr' Physical Memory: 16025 MB
BatchMode: 1, IsHumanControllingUs: 0, StartBugReporterOnCrash: 0, Is64bit: 1, IsPro: 0

 COMMAND LINE ARGUMENTS:
C:\Program Files\Unity\Hub\Editor\2020.3.2f1\Editor\Unity.exe
-adb2
-batchMode
-noUpm
-name
AssetImportWorker0
-projectPath
D:/Projects/Obstacle Training
-logFile
Logs/AssetImportWorker0.log
-srvPort
62487
Successfully changed project path to: D:/Projects/Obstacle Training
D:/Projects/Obstacle Training
Using Asset Import Pipeline V2.
Refreshing native plugins compatible for Editor in 40.51 ms, found 0 plugins.
Preloading 0 native plugins for Editor in 0.00 ms.
Initialize engine version: 2020.3.2f1 (8fd9074bf66c)
[Subsystems] Discovering subsystems at path C:/Program Files/Unity/Hub/Editor/2020.3.2f1/Editor/Data/Resources/UnitySubsystems
[Subsystems] Discovering subsystems at path D:/Projects/Obstacle Training/Assets
GfxDevice: creating device client; threaded=0
Direct3D:
    Version:  Direct3D 11.0 [level 11.1]
    Renderer: NVIDIA GeForce GTX 1050 (ID=0x1c8d)
    Vendor:   
    VRAM:     4019 MB
    Driver:   27.21.14.6109
Initialize mono
Mono path[0] = 'C:/Program Files/Unity/Hub/Editor/2020.3.2f1/Editor/Data/Managed'
Mono path[1] = 'C:/Program Files/Unity/Hub/Editor/2020.3.2f1/Editor/Data/MonoBleedingEdge/lib/mono/unityjit'
Mono config path = 'C:/Program Files/Unity/Hub/Editor/2020.3.2f1/Editor/Data/MonoBleedingEdge/etc'
Using monoOptions --debugger-agent=transport=dt_socket,embedding=1,server=y,suspend=n,address=127.0.0.1:56620
Begin MonoManager ReloadAssembly
Registering precompiled unity dll's ...
Register platform support module: C:/Program Files/Unity/Hub/Editor/2020.3.2f1/Editor/Data/PlaybackEngines/WindowsStandaloneSupport/UnityEditor.WindowsStandalone.Extensions.dll
Registered in 0.110535 seconds.
Native extension for WindowsStandalone target not found
Refreshing native plugins compatible for Editor in 24.61 ms, found 0 plugins.
Preloading 0 native plugins for Editor in 0.00 ms.
Invoked RoslynAnalysisRunner static constructor.
RoslynAnalysisRunner will not be running.
RoslynAnalysisRunner has terminated.
Mono: successfully reloaded assembly
- Completed reload, in  4.386 seconds
Platform modules already initialized, skipping
Registering precompiled user dll's ...
Registered in 0.055969 seconds.
Begin MonoManager ReloadAssembly
Native extension for WindowsStandalone target not found
Refreshing native plugins compatible for Editor in 0.32 ms, found 0 plugins.
Preloading 0 native plugins for Editor in 0.00 ms.
Invoked RoslynAnalysisRunner static constructor.
RoslynAnalysisRunner will not be running.
RoslynAnalysisRunner has terminated.
Mono: successfully reloaded assembly
- Completed reload, in  1.852 seconds
Platform modules already initialized, skipping
========================================================================
Worker process is ready to serve import requests
Launched and connected shader compiler UnityShaderCompiler.exe after 0.09 seconds
Refreshing native plugins compatible for Editor in 0.33 ms, found 0 plugins.
Preloading 0 native plugins for Editor in 0.00 ms.
Unloading 1115 Unused Serialized files (Serialized files now loaded: 0)
System memory in use before: 57.1 MB.
System memory in use after: 57.1 MB.

Unloading 10 unused Assets to reduce memory usage. Loaded Objects now: 1557.
Total: 1.770800 ms (FindLiveObjects: 0.160500 ms CreateObjectMapping: 0.042100 ms MarkObjects: 1.477700 ms  DeleteObjects: 0.088600 ms)

========================================================================
Received Import Request.
  path: Assets
  artifactKey: Guid(00000000000000001000000000000000) Importer(815301076,1909f56bfc062723c751e8b465ee728b)
Start importing Assets using Guid(00000000000000001000000000000000) Importer(815301076,1909f56bfc062723c751e8b465ee728b)  -> (artifact id: '819a33a9bd799f71faca6db75e8a216c') in 0.010776 seconds
  Import took 0.022555 seconds .

========================================================================
Received Import Request.
  Time since last request: 76.619024 seconds.
  path: Assets/Material
  artifactKey: Guid(98f11fe5dedad0e4db693c7a0bafb28e) Importer(815301076,1909f56bfc062723c751e8b465ee728b)
Start importing Assets/Material using Guid(98f11fe5dedad0e4db693c7a0bafb28e) Importer(815301076,1909f56bfc062723c751e8b465ee728b)  -> (artifact id: 'c172a6b2090d7b2767b51ea7d301377d') in 0.008012 seconds
  Import took 0.011385 seconds .

========================================================================
Received Import Request.
  Time since last request: 2.552345 seconds.
  path: Assets/Materials
  artifactKey: Guid(98f11fe5dedad0e4db693c7a0bafb28e) Importer(815301076,1909f56bfc062723c751e8b465ee728b)
Start importing Assets/Materials using Guid(98f11fe5dedad0e4db693c7a0bafb28e) Importer(815301076,1909f56bfc062723c751e8b465ee728b)  -> (artifact id: '5f38929aa3fcf2953410f7a2a34ee093') in 0.008065 seconds
  Import took 0.013295 seconds .

========================================================================
Received Import Request.
  Time since last request: 1.020100 seconds.
  path: Assets/Scenes
  artifactKey: Guid(fa1ffb2560fa91e4eadfe8eacf6a2ee0) Importer(815301076,1909f56bfc062723c751e8b465ee728b)
Start importing Assets/Scenes using Guid(fa1ffb2560fa91e4eadfe8eacf6a2ee0) Importer(815301076,1909f56bfc062723c751e8b465ee728b)  -> (artifact id: '99a8036caf33468751633bfc70cbed3c') in 0.009193 seconds
  Import took 0.011875 seconds .

========================================================================
Received Import Request.
  Time since last request: 15.242229 seconds.
  path: Assets/New Material.mat
  artifactKey: Guid(1e566356c9d52e84eb752ca74a28cf42) Importer(815301076,1909f56bfc062723c751e8b465ee728b)
Start importing Assets/New Material.mat using Guid(1e566356c9d52e84eb752ca74a28cf42) Importer(815301076,1909f56bfc062723c751e8b465ee728b)  -> (artifact id: 'e83bae9b4e0bfa4d695275a8c0ee06f2') in 0.152709 seconds
  Import took 0.187174 seconds .

========================================================================
Received Import Request.
  Time since last request: 135.759818 seconds.
  path: Assets/Materials/Player.mat
  artifactKey: Guid(6cf915234b5c4724a9ffefd3cd677fcc) Importer(815301076,1909f56bfc062723c751e8b465ee728b)
Start importing Assets/Materials/Player.mat using Guid(6cf915234b5c4724a9ffefd3cd677fcc) Importer(815301076,1909f56bfc062723c751e8b465ee728b)  -> (artifact id: '8efbcd42ca812bcfcc807e6065f18ad4') in 0.017780 seconds
  Import took 0.028225 seconds .

========================================================================
Received Import Request.
  Time since last request: 323.023753 seconds.
  path: Assets/Materials/Ground.mat
  artifactKey: Guid(1e566356c9d52e84eb752ca74a28cf42) Importer(815301076,1909f56bfc062723c751e8b465ee728b)
Start importing Assets/Materials/Ground.mat using Guid(1e566356c9d52e84eb752ca74a28cf42) Importer(815301076,1909f56bfc062723c751e8b465ee728b)  -> (artifact id: 'c74ece415ece4c2f3b784049f33d7eb8') in 0.015470 seconds
  Import took 0.022141 seconds .

========================================================================
Received Import Request.
  Time since last request: 0.000210 seconds.
  path: Assets/Materials/Player.mat
  artifactKey: Guid(6cf915234b5c4724a9ffefd3cd677fcc) Importer(815301076,1909f56bfc062723c751e8b465ee728b)
Start importing Assets/Materials/Player.mat using Guid(6cf915234b5c4724a9ffefd3cd677fcc) Importer(815301076,1909f56bfc062723c751e8b465ee728b)  -> (artifact id: 'cca559c4b19171d5d50ec9de6c46257a') in 0.038744 seconds
  Import took 0.041409 seconds .

========================================================================
Received Import Request.
  Time since last request: 111.656350 seconds.
  path: Assets/Scripts
  artifactKey: Guid(33a98c44d4beca149a3c70a733f3cab0) Importer(815301076,1909f56bfc062723c751e8b465ee728b)
Start importing Assets/Scripts using Guid(33a98c44d4beca149a3c70a733f3cab0) Importer(815301076,1909f56bfc062723c751e8b465ee728b)  -> (artifact id: '3319e78f3f367f6b83fb775c53694a12') in 0.010051 seconds
  Import took 0.015027 seconds .

========================================================================
Received Import Request.
  Time since last request: 9.781850 seconds.
  path: Assets/Scripts/playerControlScript.cs
  artifactKey: Guid(8e62944c14f76274baa7c704fd5286b9) Importer(815301076,1909f56bfc062723c751e8b465ee728b)
Start importing Assets/Scripts/playerControlScript.cs using Guid(8e62944c14f76274baa7c704fd5286b9) Importer(815301076,1909f56bfc062723c751e8b465ee728b)  -> (artifact id: 'e2972abc9fd60685018ef00472e8d6c1') in 0.146078 seconds
  Import took 0.148510 seconds .

========================================================================
Received Prepare
Registering precompiled user dll's ...
Registered in 0.001687 seconds.
Begin MonoManager ReloadAssembly
Native extension for WindowsStandalone target not found
Refreshing native plugins compatible for Editor in 0.59 ms, found 0 plugins.
Preloading 0 native plugins for Editor in 0.00 ms.
Invoked RoslynAnalysisRunner static constructor.
RoslynAnalysisRunner will not be running.
RoslynAnalysisRunner has terminated.
Mono: successfully reloaded assembly
- Completed reload, in  3.403 seconds
Platform modules already initialized, skipping
Refreshing native plugins compatible for Editor in 0.59 ms, found 0 plugins.
Preloading 0 native plugins for Editor in 0.00 ms.
Unloading 1111 Unused Serialized files (Serialized files now loaded: 0)
System memory in use before: 60.4 MB.
System memory in use after: 60.4 MB.

Unloading 5 unused Assets to reduce memory usage. Loaded Objects now: 1601.
Total: 2.550200 ms (FindLiveObjects: 0.181900 ms CreateObjectMapping: 0.121300 ms MarkObjects: 2.168700 ms  DeleteObjects: 0.076500 ms)

========================================================================
Received Prepare
Registering precompiled user dll's ...
Registered in 0.000827 seconds.
Begin MonoManager ReloadAssembly
Native extension for WindowsStandalone target not found
Refreshing native plugins compatible for Editor in 0.22 ms, found 0 plugins.
Preloading 0 native plugins for Editor in 0.00 ms.
Invoked RoslynAnalysisRunner static constructor.
RoslynAnalysisRunner will not be running.
RoslynAnalysisRunner has terminated.
Mono: successfully reloaded assembly
- Completed reload, in  1.002 seconds
Platform modules already initialized, skipping
Refreshing native plugins compatible for Editor in 0.22 ms, found 0 plugins.
Preloading 0 native plugins for Editor in 0.00 ms.
Unloading 1111 Unused Serialized files (Serialized files now loaded: 0)
System memory in use before: 60.4 MB.
System memory in use after: 60.5 MB.

Unloading 5 unused Assets to reduce memory usage. Loaded Objects now: 1604.
Total: 1.759300 ms (FindLiveObjects: 0.156900 ms CreateObjectMapping: 0.037600 ms MarkObjects: 1.512300 ms  DeleteObjects: 0.051300 ms)

========================================================================
Received Import Request.
  Time since last request: 209.637582 seconds.
  path: Assets/Scripts/playerControlScript.cs
  artifactKey: Guid(8e62944c14f76274baa7c704fd5286b9) Importer(815301076,1909f56bfc062723c751e8b465ee728b)
Start importing Assets/Scripts/playerControlScript.cs using Guid(8e62944c14f76274baa7c704fd5286b9) Importer(815301076,1909f56bfc062723c751e8b465ee728b)  -> (artifact id: '8f2e80786451dbe878647f6125cc80bf') in 0.004093 seconds
  Import took 0.006153 seconds .

========================================================================
Received Prepare
Registering precompiled user dll's ...
Registered in 0.000717 seconds.
Begin MonoManager ReloadAssembly
Native extension for WindowsStandalone target not found
Refreshing native plugins compatible for Editor in 0.21 ms, found 0 plugins.
Preloading 0 native plugins for Editor in 0.00 ms.
Invoked RoslynAnalysisRunner static constructor.
RoslynAnalysisRunner will not be running.
RoslynAnalysisRunner has terminated.
Mono: successfully reloaded assembly
- Completed reload, in  0.908 seconds
Platform modules already initialized, skipping
Refreshing native plugins compatible for Editor in 0.21 ms, found 0 plugins.
Preloading 0 native plugins for Editor in 0.00 ms.
Unloading 1111 Unused Serialized files (Serialized files now loaded: 0)
System memory in use before: 60.4 MB.
System memory in use after: 60.5 MB.

Unloading 5 unused Assets to reduce memory usage. Loaded Objects now: 1607.
Total: 1.614400 ms (FindLiveObjects: 0.150000 ms CreateObjectMapping: 0.045300 ms MarkObjects: 1.369200 ms  DeleteObjects: 0.049000 ms)

========================================================================
Received Prepare
Registering precompiled user dll's ...
Registered in 0.000834 seconds.
Begin MonoManager ReloadAssembly
Native extension for WindowsStandalone target not found
Refreshing native plugins compatible for Editor in 0.24 ms, found 0 plugins.
Preloading 0 native plugins for Editor in 0.00 ms.
Invoked RoslynAnalysisRunner static constructor.
RoslynAnalysisRunner will not be running.
RoslynAnalysisRunner has terminated.
Mono: successfully reloaded assembly
- Completed reload, in  1.079 seconds
Platform modules already initialized, skipping
Refreshing native plugins compatible for Editor in 0.21 ms, found 0 plugins.
Preloading 0 native plugins for Editor in 0.00 ms.
Unloading 1111 Unused Serialized files (Serialized files now loaded: 0)
System memory in use before: 60.4 MB.
System memory in use after: 60.5 MB.

Unloading 5 unused Assets to reduce memory usage. Loaded Objects now: 1610.
Total: 1.625500 ms (FindLiveObjects: 0.145400 ms CreateObjectMapping: 0.037600 ms MarkObjects: 1.394700 ms  DeleteObjects: 0.046900 ms)

========================================================================
Received Prepare
Registering precompiled user dll's ...
Registered in 0.000559 seconds.
Begin MonoManager ReloadAssembly
Native extension for WindowsStandalone target not found
Refreshing native plugins compatible for Editor in 0.21 ms, found 0 plugins.
Preloading 0 native plugins for Editor in 0.00 ms.
Invoked RoslynAnalysisRunner static constructor.
RoslynAnalysisRunner will not be running.
RoslynAnalysisRunner has terminated.
Mono: successfully reloaded assembly
- Completed reload, in  0.897 seconds
Platform modules already initialized, skipping
Refreshing native plugins compatible for Editor in 0.30 ms, found 0 plugins.
Preloading 0 native plugins for Editor in 0.00 ms.
Unloading 1111 Unused Serialized files (Serialized files now loaded: 0)
System memory in use before: 60.4 MB.
System memory in use after: 60.5 MB.

Unloading 5 unused Assets to reduce memory usage. Loaded Objects now: 1613.
Total: 1.765600 ms (FindLiveObjects: 0.145200 ms CreateObjectMapping: 0.038400 ms MarkObjects: 1.528800 ms  DeleteObjects: 0.051500 ms)

========================================================================
Received Import Request.
  Time since last request: 376.603881 seconds.
  path: Assets/Scripts/playerControlScript.cs
  artifactKey: Guid(8e62944c14f76274baa7c704fd5286b9) Importer(815301076,1909f56bfc062723c751e8b465ee728b)
Start importing Assets/Scripts/playerControlScript.cs using Guid(8e62944c14f76274baa7c704fd5286b9) Importer(815301076,1909f56bfc062723c751e8b465ee728b)  -> (artifact id: 'e5ae867b9d6ce411ec62f1619d59258f') in 0.004457 seconds
  Import took 0.105056 seconds .

========================================================================
Received Prepare
Registering precompiled user dll's ...
Registered in 0.000883 seconds.
Begin MonoManager ReloadAssembly
Native extension for WindowsStandalone target not found
Refreshing native plugins compatible for Editor in 0.21 ms, found 0 plugins.
Preloading 0 native plugins for Editor in 0.00 ms.
Invoked RoslynAnalysisRunner static constructor.
RoslynAnalysisRunner will not be running.
RoslynAnalysisRunner has terminated.
Mono: successfully reloaded assembly
- Completed reload, in  0.899 seconds
Platform modules already initialized, skipping
Refreshing native plugins compatible for Editor in 0.24 ms, found 0 plugins.
Preloading 0 native plugins for Editor in 0.00 ms.
Unloading 1111 Unused Serialized files (Serialized files now loaded: 0)
System memory in use before: 60.4 MB.
System memory in use after: 60.5 MB.

Unloading 5 unused Assets to reduce memory usage. Loaded Objects now: 1616.
Total: 2.551800 ms (FindLiveObjects: 0.206200 ms CreateObjectMapping: 0.055200 ms MarkObjects: 2.221700 ms  DeleteObjects: 0.067200 ms)

========================================================================
Received Prepare
Registering precompiled user dll's ...
Registered in 0.000889 seconds.
Begin MonoManager ReloadAssembly
Native extension for WindowsStandalone target not found
Refreshing native plugins compatible for Editor in 0.29 ms, found 0 plugins.
Preloading 0 native plugins for Editor in 0.00 ms.
Invalid AssetDatabase path: /Editor/EditorResources/cm_logo_sm.png. Use path relative to the project folder.
UnityEngine.StackTraceUtility:ExtractStackTrace ()
UnityEditor.AssetDatabase:LoadAssetAtPath<UnityEngine.Texture2D> (string)
Cinemachine.Editor.CinemachineSettings:get_CinemachineLogoTexture () (at Library/PackageCache/com.unity.cinemachine@2.6.4/Editor/Windows/CinemachineSettings.cs:205)
Cinemachine.Editor.CinemachineSettings:.cctor () (at Library/PackageCache/com.unity.cinemachine@2.6.4/Editor/Windows/CinemachineSettings.cs:237)
Cinemachine.CinemachineColliderPrefs:.cctor () (at Library/PackageCache/com.unity.cinemachine@2.6.4/Editor/Windows/CinemachineColliderPrefs.cs:61)
System.Runtime.CompilerServices.RuntimeHelpers:RunClassConstructor (System.RuntimeTypeHandle)
UnityEditor.EditorAssemblies:ProcessInitializeOnLoadAttributes (System.Type[])

[Library/PackageCache/com.unity.cinemachine@2.6.4/Editor/Windows/CinemachineSettings.cs line 205]

Invoked RoslynAnalysisRunner static constructor.
RoslynAnalysisRunner will not be running.
RoslynAnalysisRunner has terminated.
Mono: successfully reloaded assembly
- Completed reload, in  1.053 seconds
Platform modules already initialized, skipping
Refreshing native plugins compatible for Editor in 0.38 ms, found 0 plugins.
Preloading 0 native plugins for Editor in 0.00 ms.
Unloading 1257 Unused Serialized files (Serialized files now loaded: 0)
System memory in use before: 65.3 MB.
System memory in use after: 65.3 MB.

Unloading 6 unused Assets to reduce memory usage. Loaded Objects now: 1764.
Total: 6.820500 ms (FindLiveObjects: 0.559500 ms CreateObjectMapping: 0.118700 ms MarkObjects: 6.044400 ms  DeleteObjects: 0.095700 ms)

========================================================================
Received Prepare
Registering precompiled user dll's ...
Registered in 0.000710 seconds.
Begin MonoManager ReloadAssembly
Native extension for WindowsStandalone target not found
Refreshing native plugins compatible for Editor in 0.27 ms, found 0 plugins.
Preloading 0 native plugins for Editor in 0.00 ms.
Invoked RoslynAnalysisRunner static constructor.
RoslynAnalysisRunner will not be running.
RoslynAnalysisRunner has terminated.
Mono: successfully reloaded assembly
- Completed reload, in  1.008 seconds
Platform modules already initialized, skipping
Refreshing native plugins compatible for Editor in 0.22 ms, found 0 plugins.
Preloading 0 native plugins for Editor in 0.00 ms.
Unloading 1258 Unused Serialized files (Serialized files now loaded: 0)
System memory in use before: 65.4 MB.
System memory in use after: 65.5 MB.

Unloading 7 unused Assets to reduce memory usage. Loaded Objects now: 1768.
Total: 1.802500 ms (FindLiveObjects: 0.212200 ms CreateObjectMapping: 0.051600 ms MarkObjects: 1.477600 ms  DeleteObjects: 0.060100 ms)

========================================================================
Received Import Request.
  Time since last request: 891.444432 seconds.
  path: Assets/Prefabs
  artifactKey: Guid(9a60b536a0c690b45a944749d54eca34) Importer(815301076,1909f56bfc062723c751e8b465ee728b)
Start importing Assets/Prefabs using Guid(9a60b536a0c690b45a944749d54eca34) Importer(815301076,1909f56bfc062723c751e8b465ee728b)  -> (artifact id: 'cb65908a729fafacb2c1d18e1fb3ce13') in 0.012849 seconds
  Import took 0.016564 seconds .

========================================================================
Received Import Request.
  Time since last request: 59.999036 seconds.
  path: Assets/Scripts/Object1Script.cs
  artifactKey: Guid(e4e1d13f545836b49a783321ceee2201) Importer(815301076,1909f56bfc062723c751e8b465ee728b)
Start importing Assets/Scripts/Object1Script.cs using Guid(e4e1d13f545836b49a783321ceee2201) Importer(815301076,1909f56bfc062723c751e8b465ee728b)  -> (artifact id: '5aa49a8a73809cce86b239c17b77a44c') in 0.010192 seconds
  Import took 0.015019 seconds .

========================================================================
Received Prepare
Registering precompiled user dll's ...
Registered in 0.001395 seconds.
Begin MonoManager ReloadAssembly
Native extension for WindowsStandalone target not found
Refreshing native plugins compatible for Editor in 0.37 ms, found 0 plugins.
Preloading 0 native plugins for Editor in 0.00 ms.
Invoked RoslynAnalysisRunner static constructor.
RoslynAnalysisRunner will not be running.
RoslynAnalysisRunner has terminated.
Mono: successfully reloaded assembly
- Completed reload, in  1.752 seconds
Platform modules already initialized, skipping
Refreshing native plugins compatible for Editor in 0.23 ms, found 0 plugins.
Preloading 0 native plugins for Editor in 0.00 ms.
Unloading 1258 Unused Serialized files (Serialized files now loaded: 0)
System memory in use before: 65.4 MB.
System memory in use after: 65.5 MB.

Unloading 7 unused Assets to reduce memory usage. Loaded Objects now: 1772.
Total: 2.363600 ms (FindLiveObjects: 0.307800 ms CreateObjectMapping: 0.075500 ms MarkObjects: 1.866600 ms  DeleteObjects: 0.111900 ms)

========================================================================
Received Prepare
Registering precompiled user dll's ...
Registered in 0.000586 seconds.
Begin MonoManager ReloadAssembly
Native extension for WindowsStandalone target not found
Refreshing native plugins compatible for Editor in 0.24 ms, found 0 plugins.
Preloading 0 native plugins for Editor in 0.00 ms.
Invoked RoslynAnalysisRunner static constructor.
RoslynAnalysisRunner will not be running.
RoslynAnalysisRunner has terminated.
Mono: successfully reloaded assembly
- Completed reload, in  0.976 seconds
Platform modules already initialized, skipping
Refreshing native plugins compatible for Editor in 0.29 ms, found 0 plugins.
Preloading 0 native plugins for Editor in 0.00 ms.
Unloading 1258 Unused Serialized files (Serialized files now loaded: 0)
System memory in use before: 65.4 MB.
System memory in use after: 65.5 MB.

Unloading 7 unused Assets to reduce memory usage. Loaded Objects now: 1775.
Total: 3.248500 ms (FindLiveObjects: 0.186700 ms CreateObjectMapping: 0.041000 ms MarkObjects: 2.931200 ms  DeleteObjects: 0.088100 ms)

========================================================================
Received Import Request.
  Time since last request: 45.060277 seconds.
  path: Assets/Scripts/Object1Script.cs
  artifactKey: Guid(e4e1d13f545836b49a783321ceee2201) Importer(815301076,1909f56bfc062723c751e8b465ee728b)
Start importing Assets/Scripts/Object1Script.cs using Guid(e4e1d13f545836b49a783321ceee2201) Importer(815301076,1909f56bfc062723c751e8b465ee728b)  -> (artifact id: 'f7c872c4c6cbc08610e751da32520dc9') in 0.005517 seconds
  Import took 0.008443 seconds .

========================================================================
Received Prepare
Registering precompiled user dll's ...
Registered in 0.000698 seconds.
Begin MonoManager ReloadAssembly
Native extension for WindowsStandalone target not found
Refreshing native plugins compatible for Editor in 0.24 ms, found 0 plugins.
Preloading 0 native plugins for Editor in 0.00 ms.
Invoked RoslynAnalysisRunner static constructor.
RoslynAnalysisRunner will not be running.
RoslynAnalysisRunner has terminated.
Mono: successfully reloaded assembly
- Completed reload, in  0.946 seconds
Platform modules already initialized, skipping
Refreshing native plugins compatible for Editor in 0.23 ms, found 0 plugins.
Preloading 0 native plugins for Editor in 0.00 ms.
Unloading 1258 Unused Serialized files (Serialized files now loaded: 0)
System memory in use before: 65.4 MB.
System memory in use after: 65.5 MB.

Unloading 7 unused Assets to reduce memory usage. Loaded Objects now: 1778.
Total: 1.720100 ms (FindLiveObjects: 0.178900 ms CreateObjectMapping: 0.046200 ms MarkObjects: 1.431000 ms  DeleteObjects: 0.063000 ms)

========================================================================
Received Prepare
Registering precompiled user dll's ...
Registered in 0.000706 seconds.
Begin MonoManager ReloadAssembly
Native extension for WindowsStandalone target not found
Refreshing native plugins compatible for Editor in 0.27 ms, found 0 plugins.
Preloading 0 native plugins for Editor in 0.00 ms.
Invoked RoslynAnalysisRunner static constructor.
RoslynAnalysisRunner will not be running.
RoslynAnalysisRunner has terminated.
Mono: successfully reloaded assembly
- Completed reload, in  1.228 seconds
Platform modules already initialized, skipping
Refreshing native plugins compatible for Editor in 0.29 ms, found 0 plugins.
Preloading 0 native plugins for Editor in 0.00 ms.
Unloading 1258 Unused Serialized files (Serialized files now loaded: 0)
System memory in use before: 65.4 MB.
System memory in use after: 65.5 MB.

Unloading 7 unused Assets to reduce memory usage. Loaded Objects now: 1781.
Total: 2.713100 ms (FindLiveObjects: 0.267300 ms CreateObjectMapping: 0.082300 ms MarkObjects: 2.280000 ms  DeleteObjects: 0.081800 ms)

========================================================================
Received Import Request.
  Time since last request: 470.449147 seconds.
  path: Assets/Materials/New Material.mat
  artifactKey: Guid(7eea00f3e2afa9a4e8ffde3bd86fa753) Importer(815301076,1909f56bfc062723c751e8b465ee728b)
Start importing Assets/Materials/New Material.mat using Guid(7eea00f3e2afa9a4e8ffde3bd86fa753) Importer(815301076,1909f56bfc062723c751e8b465ee728b)  -> (artifact id: 'd6545b9f727ee4e1348b069d3378b00a') in 0.097655 seconds
  Import took 0.100329 seconds .

========================================================================
Received Import Request.
  Time since last request: 37.131731 seconds.
  path: Assets/Prefabs/Object1.prefab
  artifactKey: Guid(486a603158e607744a7c08c7ae41662a) Importer(815301076,1909f56bfc062723c751e8b465ee728b)
Start importing Assets/Prefabs/Object1.prefab using Guid(486a603158e607744a7c08c7ae41662a) Importer(815301076,1909f56bfc062723c751e8b465ee728b)  -> (artifact id: 'eee4880e775f39f089b6e1ce2ab6373f') in 0.033308 seconds
  Import took 0.036387 seconds .

========================================================================
Received Import Request.
  Time since last request: 0.021542 seconds.
  path: Assets/Prefabs/Object1.prefab
  artifactKey: Guid(486a603158e607744a7c08c7ae41662a) Importer(815301076,1909f56bfc062723c751e8b465ee728b)
Start importing Assets/Prefabs/Object1.prefab using Guid(486a603158e607744a7c08c7ae41662a) Importer(815301076,1909f56bfc062723c751e8b465ee728b)  -> (artifact id: 'eee4880e775f39f089b6e1ce2ab6373f') in 0.012859 seconds
  Import took 0.015645 seconds .

========================================================================
Received Prepare
Registering precompiled user dll's ...
Registered in 0.000785 seconds.
Begin MonoManager ReloadAssembly
Native extension for WindowsStandalone target not found
Refreshing native plugins compatible for Editor in 0.23 ms, found 0 plugins.
Preloading 0 native plugins for Editor in 0.00 ms.
Invoked RoslynAnalysisRunner static constructor.
RoslynAnalysisRunner will not be running.
RoslynAnalysisRunner has terminated.
Mono: successfully reloaded assembly
- Completed reload, in  0.941 seconds
Platform modules already initialized, skipping
Refreshing native plugins compatible for Editor in 0.25 ms, found 0 plugins.
Preloading 0 native plugins for Editor in 0.00 ms.
Unloading 1258 Unused Serialized files (Serialized files now loaded: 0)
System memory in use before: 65.5 MB.
System memory in use after: 65.6 MB.

Unloading 7 unused Assets to reduce memory usage. Loaded Objects now: 1786.
Total: 1.702400 ms (FindLiveObjects: 0.141600 ms CreateObjectMapping: 0.042300 ms MarkObjects: 1.457100 ms  DeleteObjects: 0.059900 ms)

========================================================================
Received Prepare
Registering precompiled user dll's ...
Registered in 0.000838 seconds.
Begin MonoManager ReloadAssembly
Native extension for WindowsStandalone target not found
Refreshing native plugins compatible for Editor in 0.30 ms, found 0 plugins.
Preloading 0 native plugins for Editor in 0.00 ms.
Invoked RoslynAnalysisRunner static constructor.
RoslynAnalysisRunner will not be running.
RoslynAnalysisRunner has terminated.
Mono: successfully reloaded assembly
- Completed reload, in  0.958 seconds
Platform modules already initialized, skipping
Refreshing native plugins compatible for Editor in 0.24 ms, found 0 plugins.
Preloading 0 native plugins for Editor in 0.00 ms.
Unloading 1258 Unused Serialized files (Serialized files now loaded: 0)
System memory in use before: 65.5 MB.
System memory in use after: 65.6 MB.

Unloading 7 unused Assets to reduce memory usage. Loaded Objects now: 1789.
Total: 3.067500 ms (FindLiveObjects: 0.254100 ms CreateObjectMapping: 0.079700 ms MarkObjects: 2.646700 ms  DeleteObjects: 0.085100 ms)

========================================================================
Received Prepare
Registering precompiled user dll's ...
Registered in 0.000799 seconds.
Begin MonoManager ReloadAssembly
Native extension for WindowsStandalone target not found
Refreshing native plugins compatible for Editor in 0.36 ms, found 0 plugins.
Preloading 0 native plugins for Editor in 0.00 ms.
Invoked RoslynAnalysisRunner static constructor.
RoslynAnalysisRunner will not be running.
RoslynAnalysisRunner has terminated.
Mono: successfully reloaded assembly
- Completed reload, in  0.873 seconds
Platform modules already initialized, skipping
Refreshing native plugins compatible for Editor in 0.23 ms, found 0 plugins.
Preloading 0 native plugins for Editor in 0.00 ms.
Unloading 1258 Unused Serialized files (Serialized files now loaded: 0)
System memory in use before: 65.5 MB.
System memory in use after: 65.6 MB.

Unloading 7 unused Assets to reduce memory usage. Loaded Objects now: 1792.
Total: 2.070500 ms (FindLiveObjects: 0.252600 ms CreateObjectMapping: 0.086800 ms MarkObjects: 1.662000 ms  DeleteObjects: 0.067100 ms)

========================================================================
Received Import Request.
  Time since last request: 815.670608 seconds.
  path: Assets/Materials/Borders.mat
  artifactKey: Guid(58ee7db26825bf2478c997814ca4b152) Importer(815301076,1909f56bfc062723c751e8b465ee728b)
Start importing Assets/Materials/Borders.mat using Guid(58ee7db26825bf2478c997814ca4b152) Importer(815301076,1909f56bfc062723c751e8b465ee728b)  -> (artifact id: '9b9a47e39d1fd231176d96547c0c4de4') in 0.077351 seconds
  Import took 0.083344 seconds .

========================================================================
Received Import Request.
  Time since last request: 0.000178 seconds.
  path: Assets/Materials/New Material.mat
  artifactKey: Guid(7eea00f3e2afa9a4e8ffde3bd86fa753) Importer(815301076,1909f56bfc062723c751e8b465ee728b)
Start importing Assets/Materials/New Material.mat using Guid(7eea00f3e2afa9a4e8ffde3bd86fa753) Importer(815301076,1909f56bfc062723c751e8b465ee728b)  -> (artifact id: 'd7c0c79b7519ee3cde8fb380a3fd274e') in 0.017768 seconds
  Import took 0.020724 seconds .

========================================================================
Received Prepare
Registering precompiled user dll's ...
Registered in 0.000602 seconds.
Begin MonoManager ReloadAssembly
Native extension for WindowsStandalone target not found
Refreshing native plugins compatible for Editor in 0.36 ms, found 0 plugins.
Preloading 0 native plugins for Editor in 0.00 ms.
Invoked RoslynAnalysisRunner static constructor.
RoslynAnalysisRunner will not be running.
RoslynAnalysisRunner has terminated.
Mono: successfully reloaded assembly
- Completed reload, in  0.854 seconds
Platform modules already initialized, skipping
Refreshing native plugins compatible for Editor in 0.23 ms, found 0 plugins.
Preloading 0 native plugins for Editor in 0.00 ms.
Unloading 1258 Unused Serialized files (Serialized files now loaded: 0)
System memory in use before: 65.6 MB.
System memory in use after: 65.6 MB.

Unloading 7 unused Assets to reduce memory usage. Loaded Objects now: 1796.
Total: 2.482800 ms (FindLiveObjects: 0.165700 ms CreateObjectMapping: 0.172300 ms MarkObjects: 2.065200 ms  DeleteObjects: 0.078500 ms)

========================================================================
Received Import Request.
  Time since last request: 362.692914 seconds.
  path: Assets/Materials/Exit.mat
  artifactKey: Guid(6a17963109e3c2f4daddddb379ecd9b8) Importer(815301076,1909f56bfc062723c751e8b465ee728b)
Start importing Assets/Materials/Exit.mat using Guid(6a17963109e3c2f4daddddb379ecd9b8) Importer(815301076,1909f56bfc062723c751e8b465ee728b)  -> (artifact id: 'afefa0f27b3e6204661c95564de06b1a') in 0.072022 seconds
  Import took 0.074331 seconds .

========================================================================
Received Prepare
Registering precompiled user dll's ...
Registered in 0.000693 seconds.
Begin MonoManager ReloadAssembly
Native extension for WindowsStandalone target not found
Refreshing native plugins compatible for Editor in 0.38 ms, found 0 plugins.
Preloading 0 native plugins for Editor in 0.00 ms.
Invoked RoslynAnalysisRunner static constructor.
RoslynAnalysisRunner will not be running.
RoslynAnalysisRunner has terminated.
Mono: successfully reloaded assembly
- Completed reload, in  1.499 seconds
Platform modules already initialized, skipping
Refreshing native plugins compatible for Editor in 0.25 ms, found 0 plugins.
Preloading 0 native plugins for Editor in 0.00 ms.
Unloading 1259 Unused Serialized files (Serialized files now loaded: 0)
System memory in use before: 65.6 MB.
System memory in use after: 65.7 MB.

Unloading 7 unused Assets to reduce memory usage. Loaded Objects now: 1801.
Total: 2.731300 ms (FindLiveObjects: 0.207300 ms CreateObjectMapping: 0.050200 ms MarkObjects: 2.315300 ms  DeleteObjects: 0.155400 ms)

========================================================================
Received Import Request.
  Time since last request: 105.288129 seconds.
  path: Assets/Scripts/turnRed.cs
  artifactKey: Guid(f3b3463321e5e064fbcffa0df1caa16d) Importer(815301076,1909f56bfc062723c751e8b465ee728b)
Start importing Assets/Scripts/turnRed.cs using Guid(f3b3463321e5e064fbcffa0df1caa16d) Importer(815301076,1909f56bfc062723c751e8b465ee728b)  -> (artifact id: 'e331ac8fdb018f5d4ff943ad223070f6') in 0.010278 seconds
  Import took 0.013544 seconds .

========================================================================
Received Prepare
Registering precompiled user dll's ...
Registered in 0.000942 seconds.
Begin MonoManager ReloadAssembly
Native extension for WindowsStandalone target not found
Refreshing native plugins compatible for Editor in 0.60 ms, found 0 plugins.
Preloading 0 native plugins for Editor in 0.00 ms.
Invoked RoslynAnalysisRunner static constructor.
RoslynAnalysisRunner will not be running.
RoslynAnalysisRunner has terminated.
Mono: successfully reloaded assembly
- Completed reload, in  2.231 seconds
Platform modules already initialized, skipping
Refreshing native plugins compatible for Editor in 0.44 ms, found 0 plugins.
Preloading 0 native plugins for Editor in 0.00 ms.
Unloading 1259 Unused Serialized files (Serialized files now loaded: 0)
System memory in use before: 65.6 MB.
System memory in use after: 65.7 MB.

Unloading 7 unused Assets to reduce memory usage. Loaded Objects now: 1804.
Total: 3.295200 ms (FindLiveObjects: 0.276200 ms CreateObjectMapping: 0.075100 ms MarkObjects: 2.849700 ms  DeleteObjects: 0.092300 ms)

========================================================================
Received Prepare
Registering precompiled user dll's ...
Registered in 0.001227 seconds.
Begin MonoManager ReloadAssembly
Native extension for WindowsStandalone target not found
Refreshing native plugins compatible for Editor in 0.22 ms, found 0 plugins.
Preloading 0 native plugins for Editor in 0.00 ms.
Invoked RoslynAnalysisRunner static constructor.
RoslynAnalysisRunner will not be running.
RoslynAnalysisRunner has terminated.
Mono: successfully reloaded assembly
- Completed reload, in  0.978 seconds
Platform modules already initialized, skipping
Refreshing native plugins compatible for Editor in 0.24 ms, found 0 plugins.
Preloading 0 native plugins for Editor in 0.00 ms.
Unloading 1259 Unused Serialized files (Serialized files now loaded: 0)
System memory in use before: 65.6 MB.
System memory in use after: 65.7 MB.

Unloading 7 unused Assets to reduce memory usage. Loaded Objects now: 1807.
Total: 1.702600 ms (FindLiveObjects: 0.154600 ms CreateObjectMapping: 0.048000 ms MarkObjects: 1.441300 ms  DeleteObjects: 0.057600 ms)

========================================================================
Received Import Request.
  Time since last request: 129.601983 seconds.
  path: Assets/Scripts/turnRed.cs
  artifactKey: Guid(f3b3463321e5e064fbcffa0df1caa16d) Importer(815301076,1909f56bfc062723c751e8b465ee728b)
Start importing Assets/Scripts/turnRed.cs using Guid(f3b3463321e5e064fbcffa0df1caa16d) Importer(815301076,1909f56bfc062723c751e8b465ee728b)  -> (artifact id: '8accc3e077ba7fe7e3cb743ad0effa2c') in 0.007999 seconds
  Import took 0.010356 seconds .

========================================================================
Received Prepare
Registering precompiled user dll's ...
Registered in 0.000807 seconds.
Begin MonoManager ReloadAssembly
Native extension for WindowsStandalone target not found
Refreshing native plugins compatible for Editor in 0.25 ms, found 0 plugins.
Preloading 0 native plugins for Editor in 0.00 ms.
Invoked RoslynAnalysisRunner static constructor.
RoslynAnalysisRunner will not be running.
RoslynAnalysisRunner has terminated.
Mono: successfully reloaded assembly
- Completed reload, in  0.949 seconds
Platform modules already initialized, skipping
Refreshing native plugins compatible for Editor in 0.23 ms, found 0 plugins.
Preloading 0 native plugins for Editor in 0.00 ms.
Unloading 1259 Unused Serialized files (Serialized files now loaded: 0)
System memory in use before: 65.6 MB.
System memory in use after: 65.7 MB.

Unloading 7 unused Assets to reduce memory usage. Loaded Objects now: 1810.
Total: 1.736100 ms (FindLiveObjects: 0.178400 ms CreateObjectMapping: 0.048700 ms MarkObjects: 1.446700 ms  DeleteObjects: 0.061500 ms)

========================================================================
Received Prepare
Registering precompiled user dll's ...
Registered in 0.000631 seconds.
Begin MonoManager ReloadAssembly
Native extension for WindowsStandalone target not found
Refreshing native plugins compatible for Editor in 0.26 ms, found 0 plugins.
Preloading 0 native plugins for Editor in 0.00 ms.
Invoked RoslynAnalysisRunner static constructor.
RoslynAnalysisRunner will not be running.
RoslynAnalysisRunner has terminated.
Mono: successfully reloaded assembly
- Completed reload, in  0.856 seconds
Platform modules already initialized, skipping
Refreshing native plugins compatible for Editor in 0.23 ms, found 0 plugins.
Preloading 0 native plugins for Editor in 0.00 ms.
Unloading 1259 Unused Serialized files (Serialized files now loaded: 0)
System memory in use before: 65.6 MB.
System memory in use after: 65.7 MB.

Unloading 7 unused Assets to reduce memory usage. Loaded Objects now: 1813.
Total: 1.928500 ms (FindLiveObjects: 0.213400 ms CreateObjectMapping: 0.058900 ms MarkObjects: 1.590400 ms  DeleteObjects: 0.064600 ms)

AssetImportWorkerClient::OnTransportError - code=2 error=End of file
